INFO: logging.py: datetime: 2023-02-09 21:54
INFO: logging.py: logging level: INFO
INFO: logging.py: Nazca Design version: 0.5.13
WARNING: mask_layers.py: Reusing an existing layer_name 'DeepTrench'. Use a different layer name or set overwrite=True.
WARNING: netlist.py: ND-1: Duplicate cell name in nd.Cell(name='myMMI') renamed to 'myMMI_58'.
WARNING: netlist.py: ND-2: Duplicate cell name in nd.Cell(name='myMMI') renamed to 'myMMI_75'.
WARNING: netlist.py: ND-3: Duplicate cell name in nd.Cell(name='myMMI') renamed to 'myMMI_92'.
WARNING: netlist.py: ND-4: Duplicate cell name in nd.Cell(name='myMMI') renamed to 'myMMI_105'.
WARNING: netlist.py: ND-5: Duplicate cell name in nd.Cell(name='myMMI') renamed to 'myMMI_118'.
WARNING: netlist.py: ND-6: Duplicate cell name in nd.Cell(name='myMMI') renamed to 'myMMI_131'.
WARNING: netlist.py: ND-7: Duplicate cell name in nd.Cell(name='myMMI') renamed to 'myMMI_144'.
WARNING: netlist.py: ND-8: Duplicate cell name in nd.Cell(name='myMMI') renamed to 'myMMI_157'.
WARNING: netlist.py: ND-9: Duplicate cell name in nd.Cell(name='myMMI') renamed to 'myMMI_170'.
WARNING: netlist.py: ND-10: Duplicate cell name in nd.Cell(name='myMMI') renamed to 'myMMI_183'.
WARNING: netlist.py: ND-11: Duplicate cell name in nd.Cell(name='myMMI') renamed to 'myMMI_196'.
WARNING: netlist.py: ND-12: Duplicate cell name in nd.Cell(name='myMMI') renamed to 'myMMI_209'.
WARNING: netlist.py: ND-13: Duplicate cell name in nd.Cell(name='myMMI') renamed to 'myMMI_222'.
WARNING: netlist.py: ND-14: Duplicate cell name in nd.Cell(name='myMMI') renamed to 'myMMI_235'.
WARNING: netlist.py: ND-15: Duplicate cell name in nd.Cell(name='trombone') renamed to 'trombone_273'.
WARNING: netlist.py: ND-16: Duplicate cell name in nd.Cell(name='trombone') renamed to 'trombone_284'.
WARNING: netlist.py: ND-17: Duplicate cell name in nd.Cell(name='trombone') renamed to 'trombone_295'.
WARNING: netlist.py: ND-18: Duplicate cell name in nd.Cell(name='trombone') renamed to 'trombone_306'.
WARNING: netlist.py: ND-19: Duplicate cell name in nd.Cell(name='trombone') renamed to 'trombone_317'.
WARNING: netlist.py: ND-20: Duplicate cell name in nd.Cell(name='curve') renamed to 'curve_342'.
WARNING: netlist.py: ND-21: Duplicate cell name in nd.Cell(name='curve_ctclk') renamed to 'curve_ctclk_349'.
WARNING: netlist.py: ND-22: Duplicate cell name in nd.Cell(name='trombone') renamed to 'trombone_356'.
WARNING: netlist.py: ND-23: Duplicate cell name in nd.Cell(name='trombone') renamed to 'trombone_367'.
WARNING: netlist.py: ND-24: Duplicate cell name in nd.Cell(name='trombone') renamed to 'trombone_378'.
WARNING: netlist.py: ND-25: Duplicate cell name in nd.Cell(name='trombone') renamed to 'trombone_389'.
WARNING: netlist.py: ND-26: Duplicate cell name in nd.Cell(name='trombone') renamed to 'trombone_400'.
WARNING: netlist.py: ND-27: Duplicate cell name in nd.Cell(name='trombone') renamed to 'trombone_411'.
WARNING: netlist.py: ND-28: Duplicate cell name in nd.Cell(name='PhaseShifter') renamed to 'PhaseShifter_433'.
WARNING: netlist.py: ND-29: Duplicate cell name in nd.Cell(name='curve') renamed to 'curve_436'.
WARNING: netlist.py: ND-30: Duplicate cell name in nd.Cell(name='curve_ctclk') renamed to 'curve_ctclk_443'.
WARNING: netlist.py: ND-31: Duplicate cell name in nd.Cell(name='trombone') renamed to 'trombone_450'.
WARNING: netlist.py: ND-32: Duplicate cell name in nd.Cell(name='trombone') renamed to 'trombone_461'.
WARNING: netlist.py: ND-33: Duplicate cell name in nd.Cell(name='trombone') renamed to 'trombone_472'.
WARNING: netlist.py: ND-34: Duplicate cell name in nd.Cell(name='trombone') renamed to 'trombone_483'.
WARNING: netlist.py: ND-35: Duplicate cell name in nd.Cell(name='trombone') renamed to 'trombone_494'.
WARNING: netlist.py: ND-36: Duplicate cell name in nd.Cell(name='trombone') renamed to 'trombone_505'.
WARNING: netlist.py: ND-37: Duplicate cell name in nd.Cell(name='PhaseShifter') renamed to 'PhaseShifter_527'.
WARNING: netlist.py: ND-38: Duplicate cell name in nd.Cell(name='curve') renamed to 'curve_530'.
WARNING: netlist.py: ND-39: Duplicate cell name in nd.Cell(name='curve_ctclk') renamed to 'curve_ctclk_537'.
WARNING: netlist.py: ND-40: Duplicate cell name in nd.Cell(name='trombone') renamed to 'trombone_544'.
WARNING: netlist.py: ND-41: Duplicate cell name in nd.Cell(name='trombone') renamed to 'trombone_555'.
WARNING: netlist.py: ND-42: Duplicate cell name in nd.Cell(name='trombone') renamed to 'trombone_566'.
WARNING: netlist.py: ND-43: Duplicate cell name in nd.Cell(name='trombone') renamed to 'trombone_577'.
WARNING: netlist.py: ND-44: Duplicate cell name in nd.Cell(name='trombone') renamed to 'trombone_588'.
WARNING: netlist.py: ND-45: Duplicate cell name in nd.Cell(name='trombone') renamed to 'trombone_599'.
WARNING: netlist.py: ND-46: Duplicate cell name in nd.Cell(name='PhaseShifter') renamed to 'PhaseShifter_621'.
WARNING: netlist.py: ND-47: Duplicate cell name in nd.Cell(name='curve') renamed to 'curve_624'.
WARNING: netlist.py: ND-48: Duplicate cell name in nd.Cell(name='curve_ctclk') renamed to 'curve_ctclk_631'.
WARNING: netlist.py: ND-49: Duplicate cell name in nd.Cell(name='trombone') renamed to 'trombone_638'.
WARNING: netlist.py: ND-50: Duplicate cell name in nd.Cell(name='trombone') renamed to 'trombone_649'.
WARNING: netlist.py: ND-51: Duplicate cell name in nd.Cell(name='trombone') renamed to 'trombone_660'.
WARNING: netlist.py: ND-52: Duplicate cell name in nd.Cell(name='trombone') renamed to 'trombone_671'.
WARNING: netlist.py: ND-53: Duplicate cell name in nd.Cell(name='trombone') renamed to 'trombone_682'.
WARNING: netlist.py: ND-54: Duplicate cell name in nd.Cell(name='trombone') renamed to 'trombone_693'.
WARNING: netlist.py: ND-55: Duplicate cell name in nd.Cell(name='PhaseShifter') renamed to 'PhaseShifter_715'.
WARNING: netlist.py: ND-56: Duplicate cell name in nd.Cell(name='curve') renamed to 'curve_718'.
WARNING: netlist.py: ND-57: Duplicate cell name in nd.Cell(name='curve_ctclk') renamed to 'curve_ctclk_725'.
WARNING: netlist.py: ND-58: Duplicate cell name in nd.Cell(name='trombone') renamed to 'trombone_732'.
WARNING: netlist.py: ND-59: Duplicate cell name in nd.Cell(name='trombone') renamed to 'trombone_743'.
WARNING: netlist.py: ND-60: Duplicate cell name in nd.Cell(name='trombone') renamed to 'trombone_754'.
WARNING: netlist.py: ND-61: Duplicate cell name in nd.Cell(name='trombone') renamed to 'trombone_765'.
WARNING: netlist.py: ND-62: Duplicate cell name in nd.Cell(name='trombone') renamed to 'trombone_776'.
WARNING: netlist.py: ND-63: Duplicate cell name in nd.Cell(name='trombone') renamed to 'trombone_787'.
WARNING: netlist.py: ND-64: Duplicate cell name in nd.Cell(name='PhaseShifter') renamed to 'PhaseShifter_809'.
WARNING: netlist.py: ND-65: Duplicate cell name in nd.Cell(name='curve') renamed to 'curve_812'.
WARNING: netlist.py: ND-66: Duplicate cell name in nd.Cell(name='curve_ctclk') renamed to 'curve_ctclk_819'.
WARNING: netlist.py: ND-67: Duplicate cell name in nd.Cell(name='trombone') renamed to 'trombone_826'.
WARNING: netlist.py: ND-68: Duplicate cell name in nd.Cell(name='trombone') renamed to 'trombone_837'.
WARNING: netlist.py: ND-69: Duplicate cell name in nd.Cell(name='trombone') renamed to 'trombone_848'.
WARNING: netlist.py: ND-70: Duplicate cell name in nd.Cell(name='trombone') renamed to 'trombone_859'.
WARNING: netlist.py: ND-71: Duplicate cell name in nd.Cell(name='trombone') renamed to 'trombone_870'.
WARNING: netlist.py: ND-72: Duplicate cell name in nd.Cell(name='trombone') renamed to 'trombone_881'.
WARNING: netlist.py: ND-73: Duplicate cell name in nd.Cell(name='PhaseShifter') renamed to 'PhaseShifter_903'.
WARNING: netlist.py: ND-74: Duplicate cell name in nd.Cell(name='curve') renamed to 'curve_906'.
WARNING: netlist.py: ND-75: Duplicate cell name in nd.Cell(name='curve_ctclk') renamed to 'curve_ctclk_913'.
WARNING: netlist.py: ND-76: Duplicate cell name in nd.Cell(name='trombone') renamed to 'trombone_920'.
WARNING: netlist.py: ND-77: Duplicate cell name in nd.Cell(name='trombone') renamed to 'trombone_931'.
WARNING: netlist.py: ND-78: Duplicate cell name in nd.Cell(name='trombone') renamed to 'trombone_942'.
WARNING: netlist.py: ND-79: Duplicate cell name in nd.Cell(name='trombone') renamed to 'trombone_953'.
WARNING: netlist.py: ND-80: Duplicate cell name in nd.Cell(name='trombone') renamed to 'trombone_964'.
WARNING: netlist.py: ND-81: Duplicate cell name in nd.Cell(name='trombone') renamed to 'trombone_975'.
WARNING: netlist.py: ND-82: Duplicate cell name in nd.Cell(name='PhaseShifter') renamed to 'PhaseShifter_995'.
WARNING: netlist.py: ND-83: Duplicate cell name in nd.Cell(name='curve') renamed to 'curve_998'.
WARNING: netlist.py: ND-84: Duplicate cell name in nd.Cell(name='curve_ctclk') renamed to 'curve_ctclk_1005'.
WARNING: netlist.py: ND-85: Duplicate cell name in nd.Cell(name='trombone') renamed to 'trombone_1012'.
WARNING: netlist.py: ND-86: Duplicate cell name in nd.Cell(name='trombone') renamed to 'trombone_1023'.
WARNING: netlist.py: ND-87: Duplicate cell name in nd.Cell(name='trombone') renamed to 'trombone_1034'.
WARNING: netlist.py: ND-88: Duplicate cell name in nd.Cell(name='trombone') renamed to 'trombone_1045'.
WARNING: netlist.py: ND-89: Duplicate cell name in nd.Cell(name='trombone') renamed to 'trombone_1056'.
WARNING: netlist.py: ND-90: Duplicate cell name in nd.Cell(name='trombone') renamed to 'trombone_1067'.
WARNING: netlist.py: ND-91: Duplicate cell name in nd.Cell(name='PhaseShifter') renamed to 'PhaseShifter_1087'.
WARNING: netlist.py: ND-92: Duplicate cell name in nd.Cell(name='curve') renamed to 'curve_1090'.
WARNING: netlist.py: ND-93: Duplicate cell name in nd.Cell(name='curve_ctclk') renamed to 'curve_ctclk_1097'.
WARNING: netlist.py: ND-94: Duplicate cell name in nd.Cell(name='trombone') renamed to 'trombone_1104'.
WARNING: netlist.py: ND-95: Duplicate cell name in nd.Cell(name='trombone') renamed to 'trombone_1115'.
WARNING: netlist.py: ND-96: Duplicate cell name in nd.Cell(name='trombone') renamed to 'trombone_1126'.
WARNING: netlist.py: ND-97: Duplicate cell name in nd.Cell(name='trombone') renamed to 'trombone_1137'.
WARNING: netlist.py: ND-98: Duplicate cell name in nd.Cell(name='trombone') renamed to 'trombone_1148'.
WARNING: netlist.py: ND-99: Duplicate cell name in nd.Cell(name='trombone') renamed to 'trombone_1159'.
WARNING: netlist.py: ND-100: Duplicate cell name in nd.Cell(name='PhaseShifter') renamed to 'PhaseShifter_1181'.
WARNING: netlist.py: ND-101: Duplicate cell name in nd.Cell(name='curve') renamed to 'curve_1184'.
WARNING: netlist.py: ND-102: Duplicate cell name in nd.Cell(name='curve_ctclk') renamed to 'curve_ctclk_1191'.
WARNING: netlist.py: ND-103: Duplicate cell name in nd.Cell(name='trombone') renamed to 'trombone_1198'.
WARNING: netlist.py: ND-104: Duplicate cell name in nd.Cell(name='trombone') renamed to 'trombone_1209'.
WARNING: netlist.py: ND-105: Duplicate cell name in nd.Cell(name='trombone') renamed to 'trombone_1220'.
WARNING: netlist.py: ND-106: Duplicate cell name in nd.Cell(name='trombone') renamed to 'trombone_1231'.
WARNING: netlist.py: ND-107: Duplicate cell name in nd.Cell(name='trombone') renamed to 'trombone_1242'.
WARNING: netlist.py: ND-108: Duplicate cell name in nd.Cell(name='trombone') renamed to 'trombone_1253'.
WARNING: netlist.py: ND-109: Duplicate cell name in nd.Cell(name='PhaseShifter') renamed to 'PhaseShifter_1275'.
WARNING: netlist.py: ND-110: Duplicate cell name in nd.Cell(name='curve') renamed to 'curve_1278'.
WARNING: netlist.py: ND-111: Duplicate cell name in nd.Cell(name='curve_ctclk') renamed to 'curve_ctclk_1285'.
WARNING: netlist.py: ND-112: Duplicate cell name in nd.Cell(name='trombone') renamed to 'trombone_1292'.
WARNING: netlist.py: ND-113: Duplicate cell name in nd.Cell(name='trombone') renamed to 'trombone_1303'.
WARNING: netlist.py: ND-114: Duplicate cell name in nd.Cell(name='trombone') renamed to 'trombone_1314'.
WARNING: netlist.py: ND-115: Duplicate cell name in nd.Cell(name='trombone') renamed to 'trombone_1325'.
WARNING: netlist.py: ND-116: Duplicate cell name in nd.Cell(name='trombone') renamed to 'trombone_1336'.
WARNING: netlist.py: ND-117: Duplicate cell name in nd.Cell(name='trombone') renamed to 'trombone_1347'.
WARNING: netlist.py: ND-118: Duplicate cell name in nd.Cell(name='PhaseShifter') renamed to 'PhaseShifter_1369'.
WARNING: netlist.py: ND-119: Duplicate cell name in nd.Cell(name='curve') renamed to 'curve_1372'.
WARNING: netlist.py: ND-120: Duplicate cell name in nd.Cell(name='curve_ctclk') renamed to 'curve_ctclk_1379'.
WARNING: netlist.py: ND-121: Duplicate cell name in nd.Cell(name='trombone') renamed to 'trombone_1386'.
WARNING: netlist.py: ND-122: Duplicate cell name in nd.Cell(name='trombone') renamed to 'trombone_1397'.
WARNING: netlist.py: ND-123: Duplicate cell name in nd.Cell(name='trombone') renamed to 'trombone_1408'.
WARNING: netlist.py: ND-124: Duplicate cell name in nd.Cell(name='trombone') renamed to 'trombone_1419'.
WARNING: netlist.py: ND-125: Duplicate cell name in nd.Cell(name='trombone') renamed to 'trombone_1430'.
WARNING: netlist.py: ND-126: Duplicate cell name in nd.Cell(name='trombone') renamed to 'trombone_1441'.
WARNING: netlist.py: ND-127: Duplicate cell name in nd.Cell(name='PhaseShifter') renamed to 'PhaseShifter_1463'.
WARNING: netlist.py: ND-128: Duplicate cell name in nd.Cell(name='curve') renamed to 'curve_1466'.
WARNING: netlist.py: ND-129: Duplicate cell name in nd.Cell(name='curve_ctclk') renamed to 'curve_ctclk_1473'.
WARNING: netlist.py: ND-130: Duplicate cell name in nd.Cell(name='trombone') renamed to 'trombone_1480'.
WARNING: netlist.py: ND-131: Duplicate cell name in nd.Cell(name='trombone') renamed to 'trombone_1491'.
WARNING: netlist.py: ND-132: Duplicate cell name in nd.Cell(name='trombone') renamed to 'trombone_1502'.
WARNING: netlist.py: ND-133: Duplicate cell name in nd.Cell(name='trombone') renamed to 'trombone_1513'.
WARNING: netlist.py: ND-134: Duplicate cell name in nd.Cell(name='trombone') renamed to 'trombone_1524'.
WARNING: netlist.py: ND-135: Duplicate cell name in nd.Cell(name='trombone') renamed to 'trombone_1535'.
WARNING: netlist.py: ND-136: Duplicate cell name in nd.Cell(name='PhaseShifter') renamed to 'PhaseShifter_1557'.
WARNING: netlist.py: ND-137: Duplicate cell name in nd.Cell(name='curve') renamed to 'curve_1560'.
WARNING: netlist.py: ND-138: Duplicate cell name in nd.Cell(name='curve_ctclk') renamed to 'curve_ctclk_1567'.
WARNING: netlist.py: ND-139: Duplicate cell name in nd.Cell(name='trombone') renamed to 'trombone_1574'.
WARNING: netlist.py: ND-140: Duplicate cell name in nd.Cell(name='trombone') renamed to 'trombone_1585'.
WARNING: netlist.py: ND-141: Duplicate cell name in nd.Cell(name='trombone') renamed to 'trombone_1596'.
WARNING: netlist.py: ND-142: Duplicate cell name in nd.Cell(name='trombone') renamed to 'trombone_1607'.
WARNING: netlist.py: ND-143: Duplicate cell name in nd.Cell(name='trombone') renamed to 'trombone_1618'.
WARNING: netlist.py: ND-144: Duplicate cell name in nd.Cell(name='trombone') renamed to 'trombone_1629'.
WARNING: netlist.py: ND-145: Duplicate cell name in nd.Cell(name='PhaseShifter') renamed to 'PhaseShifter_1651'.
WARNING: netlist.py: ND-146: Duplicate cell name in nd.Cell(name='curve') renamed to 'curve_1654'.
WARNING: netlist.py: ND-147: Duplicate cell name in nd.Cell(name='curve_ctclk') renamed to 'curve_ctclk_1661'.
WARNING: netlist.py: ND-148: Duplicate cell name in nd.Cell(name='trombone') renamed to 'trombone_1668'.
WARNING: netlist.py: ND-149: Duplicate cell name in nd.Cell(name='trombone') renamed to 'trombone_1679'.
WARNING: netlist.py: ND-150: Duplicate cell name in nd.Cell(name='trombone') renamed to 'trombone_1690'.
WARNING: netlist.py: ND-151: Duplicate cell name in nd.Cell(name='trombone') renamed to 'trombone_1701'.
WARNING: netlist.py: ND-152: Duplicate cell name in nd.Cell(name='trombone') renamed to 'trombone_1712'.
WARNING: netlist.py: ND-153: Duplicate cell name in nd.Cell(name='trombone') renamed to 'trombone_1723'.
WARNING: netlist.py: ND-154: Duplicate cell name in nd.Cell(name='PhaseShifter') renamed to 'PhaseShifter_1745'.
WARNING: netlist.py: ND-155: Duplicate cell name in nd.Cell(name='laser') renamed to 'laser_1749'.
WARNING: netlist.py: ND-156: Duplicate cell name in nd.Cell(name='tree') renamed to 'tree_1755'.
WARNING: netlist.py: ND-157: Duplicate cell name in nd.Cell(name='myMMI') renamed to 'myMMI_1756'.
WARNING: netlist.py: ND-158: Duplicate cell name in nd.Cell(name='myMMI') renamed to 'myMMI_1773'.
WARNING: netlist.py: ND-159: Duplicate cell name in nd.Cell(name='myMMI') renamed to 'myMMI_1790'.
WARNING: netlist.py: ND-160: Duplicate cell name in nd.Cell(name='myMMI') renamed to 'myMMI_1807'.
WARNING: netlist.py: ND-161: Duplicate cell name in nd.Cell(name='myMMI') renamed to 'myMMI_1820'.
WARNING: netlist.py: ND-162: Duplicate cell name in nd.Cell(name='myMMI') renamed to 'myMMI_1833'.
WARNING: netlist.py: ND-163: Duplicate cell name in nd.Cell(name='myMMI') renamed to 'myMMI_1846'.
WARNING: netlist.py: ND-164: Duplicate cell name in nd.Cell(name='myMMI') renamed to 'myMMI_1859'.
WARNING: netlist.py: ND-165: Duplicate cell name in nd.Cell(name='myMMI') renamed to 'myMMI_1872'.
WARNING: netlist.py: ND-166: Duplicate cell name in nd.Cell(name='myMMI') renamed to 'myMMI_1885'.
WARNING: netlist.py: ND-167: Duplicate cell name in nd.Cell(name='myMMI') renamed to 'myMMI_1898'.
WARNING: netlist.py: ND-168: Duplicate cell name in nd.Cell(name='myMMI') renamed to 'myMMI_1911'.
WARNING: netlist.py: ND-169: Duplicate cell name in nd.Cell(name='myMMI') renamed to 'myMMI_1924'.
WARNING: netlist.py: ND-170: Duplicate cell name in nd.Cell(name='myMMI') renamed to 'myMMI_1937'.
WARNING: netlist.py: ND-171: Duplicate cell name in nd.Cell(name='myMMI') renamed to 'myMMI_1950'.
WARNING: netlist.py: ND-172: Duplicate cell name in nd.Cell(name='curve') renamed to 'curve_1963'.
WARNING: netlist.py: ND-173: Duplicate cell name in nd.Cell(name='curve_ctclk') renamed to 'curve_ctclk_1970'.
WARNING: netlist.py: ND-174: Duplicate cell name in nd.Cell(name='trombone') renamed to 'trombone_1977'.
WARNING: netlist.py: ND-175: Duplicate cell name in nd.Cell(name='trombone') renamed to 'trombone_1988'.
WARNING: netlist.py: ND-176: Duplicate cell name in nd.Cell(name='trombone') renamed to 'trombone_1999'.
WARNING: netlist.py: ND-177: Duplicate cell name in nd.Cell(name='trombone') renamed to 'trombone_2010'.
WARNING: netlist.py: ND-178: Duplicate cell name in nd.Cell(name='trombone') renamed to 'trombone_2021'.
WARNING: netlist.py: ND-179: Duplicate cell name in nd.Cell(name='trombone') renamed to 'trombone_2032'.
INFO: netlist.py: IC-1/ND-180: (interconnect): No solution for sbend_p2p.
INFO: netlist.py: IC-2/ND-181: replacing sbend with bend_strt_bend.
WARNING: netlist.py: ND-182: Duplicate cell name in nd.Cell(name='PhaseShifter') renamed to 'PhaseShifter_2051'.
WARNING: netlist.py: ND-183: Duplicate cell name in nd.Cell(name='curve') renamed to 'curve_2054'.
WARNING: netlist.py: ND-184: Duplicate cell name in nd.Cell(name='curve_ctclk') renamed to 'curve_ctclk_2061'.
WARNING: netlist.py: ND-185: Duplicate cell name in nd.Cell(name='trombone') renamed to 'trombone_2068'.
WARNING: netlist.py: ND-186: Duplicate cell name in nd.Cell(name='trombone') renamed to 'trombone_2079'.
WARNING: netlist.py: ND-187: Duplicate cell name in nd.Cell(name='trombone') renamed to 'trombone_2090'.
WARNING: netlist.py: ND-188: Duplicate cell name in nd.Cell(name='trombone') renamed to 'trombone_2101'.
WARNING: netlist.py: ND-189: Duplicate cell name in nd.Cell(name='trombone') renamed to 'trombone_2112'.
WARNING: netlist.py: ND-190: Duplicate cell name in nd.Cell(name='trombone') renamed to 'trombone_2123'.
INFO: netlist.py: IC-3/ND-191: (interconnect): No solution for sbend_p2p.
INFO: netlist.py: IC-4/ND-192: replacing sbend with bend_strt_bend.
WARNING: netlist.py: ND-193: Duplicate cell name in nd.Cell(name='PhaseShifter') renamed to 'PhaseShifter_2142'.
WARNING: netlist.py: ND-194: Duplicate cell name in nd.Cell(name='curve') renamed to 'curve_2145'.
WARNING: netlist.py: ND-195: Duplicate cell name in nd.Cell(name='curve_ctclk') renamed to 'curve_ctclk_2152'.
WARNING: netlist.py: ND-196: Duplicate cell name in nd.Cell(name='trombone') renamed to 'trombone_2159'.
WARNING: netlist.py: ND-197: Duplicate cell name in nd.Cell(name='trombone') renamed to 'trombone_2170'.
WARNING: netlist.py: ND-198: Duplicate cell name in nd.Cell(name='trombone') renamed to 'trombone_2181'.
WARNING: netlist.py: ND-199: Duplicate cell name in nd.Cell(name='trombone') renamed to 'trombone_2192'.
WARNING: netlist.py: ND-200: Duplicate cell name in nd.Cell(name='trombone') renamed to 'trombone_2203'.
WARNING: netlist.py: ND-201: Duplicate cell name in nd.Cell(name='trombone') renamed to 'trombone_2214'.
INFO: netlist.py: IC-5/ND-202: (interconnect): No solution for sbend_p2p.
INFO: netlist.py: IC-6/ND-203: replacing sbend with bend_strt_bend.
WARNING: netlist.py: ND-204: Duplicate cell name in nd.Cell(name='PhaseShifter') renamed to 'PhaseShifter_2233'.
WARNING: netlist.py: ND-205: Duplicate cell name in nd.Cell(name='curve') renamed to 'curve_2236'.
WARNING: netlist.py: ND-206: Duplicate cell name in nd.Cell(name='curve_ctclk') renamed to 'curve_ctclk_2243'.
WARNING: netlist.py: ND-207: Duplicate cell name in nd.Cell(name='trombone') renamed to 'trombone_2250'.
WARNING: netlist.py: ND-208: Duplicate cell name in nd.Cell(name='trombone') renamed to 'trombone_2261'.
WARNING: netlist.py: ND-209: Duplicate cell name in nd.Cell(name='trombone') renamed to 'trombone_2272'.
WARNING: netlist.py: ND-210: Duplicate cell name in nd.Cell(name='trombone') renamed to 'trombone_2283'.
WARNING: netlist.py: ND-211: Duplicate cell name in nd.Cell(name='trombone') renamed to 'trombone_2294'.
WARNING: netlist.py: ND-212: Duplicate cell name in nd.Cell(name='trombone') renamed to 'trombone_2305'.
INFO: netlist.py: IC-7/ND-213: (interconnect): No solution for sbend_p2p.
INFO: netlist.py: IC-8/ND-214: replacing sbend with bend_strt_bend.
WARNING: netlist.py: ND-215: Duplicate cell name in nd.Cell(name='PhaseShifter') renamed to 'PhaseShifter_2324'.
WARNING: netlist.py: ND-216: Duplicate cell name in nd.Cell(name='curve') renamed to 'curve_2327'.
WARNING: netlist.py: ND-217: Duplicate cell name in nd.Cell(name='curve_ctclk') renamed to 'curve_ctclk_2334'.
WARNING: netlist.py: ND-218: Duplicate cell name in nd.Cell(name='trombone') renamed to 'trombone_2341'.
WARNING: netlist.py: ND-219: Duplicate cell name in nd.Cell(name='trombone') renamed to 'trombone_2352'.
WARNING: netlist.py: ND-220: Duplicate cell name in nd.Cell(name='trombone') renamed to 'trombone_2363'.
WARNING: netlist.py: ND-221: Duplicate cell name in nd.Cell(name='trombone') renamed to 'trombone_2374'.
WARNING: netlist.py: ND-222: Duplicate cell name in nd.Cell(name='trombone') renamed to 'trombone_2385'.
WARNING: netlist.py: ND-223: Duplicate cell name in nd.Cell(name='trombone') renamed to 'trombone_2396'.
INFO: netlist.py: IC-9/ND-224: (interconnect): No solution for sbend_p2p.
INFO: netlist.py: IC-10/ND-225: replacing sbend with bend_strt_bend.
WARNING: netlist.py: ND-226: Duplicate cell name in nd.Cell(name='PhaseShifter') renamed to 'PhaseShifter_2415'.
WARNING: netlist.py: ND-227: Duplicate cell name in nd.Cell(name='curve') renamed to 'curve_2418'.
WARNING: netlist.py: ND-228: Duplicate cell name in nd.Cell(name='curve_ctclk') renamed to 'curve_ctclk_2425'.
WARNING: netlist.py: ND-229: Duplicate cell name in nd.Cell(name='trombone') renamed to 'trombone_2432'.
WARNING: netlist.py: ND-230: Duplicate cell name in nd.Cell(name='trombone') renamed to 'trombone_2443'.
WARNING: netlist.py: ND-231: Duplicate cell name in nd.Cell(name='trombone') renamed to 'trombone_2454'.
WARNING: netlist.py: ND-232: Duplicate cell name in nd.Cell(name='trombone') renamed to 'trombone_2465'.
WARNING: netlist.py: ND-233: Duplicate cell name in nd.Cell(name='trombone') renamed to 'trombone_2476'.
WARNING: netlist.py: ND-234: Duplicate cell name in nd.Cell(name='trombone') renamed to 'trombone_2487'.
INFO: netlist.py: IC-11/ND-235: (interconnect): No solution for sbend_p2p.
INFO: netlist.py: IC-12/ND-236: replacing sbend with bend_strt_bend.
WARNING: netlist.py: ND-237: Duplicate cell name in nd.Cell(name='PhaseShifter') renamed to 'PhaseShifter_2506'.
WARNING: netlist.py: ND-238: Duplicate cell name in nd.Cell(name='curve') renamed to 'curve_2509'.
WARNING: netlist.py: ND-239: Duplicate cell name in nd.Cell(name='curve_ctclk') renamed to 'curve_ctclk_2516'.
WARNING: netlist.py: ND-240: Duplicate cell name in nd.Cell(name='trombone') renamed to 'trombone_2523'.
WARNING: netlist.py: ND-241: Duplicate cell name in nd.Cell(name='trombone') renamed to 'trombone_2534'.
WARNING: netlist.py: ND-242: Duplicate cell name in nd.Cell(name='trombone') renamed to 'trombone_2545'.
WARNING: netlist.py: ND-243: Duplicate cell name in nd.Cell(name='trombone') renamed to 'trombone_2556'.
WARNING: netlist.py: ND-244: Duplicate cell name in nd.Cell(name='trombone') renamed to 'trombone_2567'.
WARNING: netlist.py: ND-245: Duplicate cell name in nd.Cell(name='trombone') renamed to 'trombone_2578'.
INFO: netlist.py: IC-13/ND-246: (interconnect): No solution for sbend_p2p.
INFO: netlist.py: IC-14/ND-247: replacing sbend with bend_strt_bend.
WARNING: netlist.py: ND-248: Duplicate cell name in nd.Cell(name='PhaseShifter') renamed to 'PhaseShifter_2597'.
WARNING: netlist.py: ND-249: Duplicate cell name in nd.Cell(name='curve') renamed to 'curve_2600'.
WARNING: netlist.py: ND-250: Duplicate cell name in nd.Cell(name='curve_ctclk') renamed to 'curve_ctclk_2607'.
WARNING: netlist.py: ND-251: Duplicate cell name in nd.Cell(name='trombone') renamed to 'trombone_2614'.
WARNING: netlist.py: ND-252: Duplicate cell name in nd.Cell(name='trombone') renamed to 'trombone_2625'.
WARNING: netlist.py: ND-253: Duplicate cell name in nd.Cell(name='trombone') renamed to 'trombone_2636'.
WARNING: netlist.py: ND-254: Duplicate cell name in nd.Cell(name='trombone') renamed to 'trombone_2647'.
WARNING: netlist.py: ND-255: Duplicate cell name in nd.Cell(name='trombone') renamed to 'trombone_2658'.
WARNING: netlist.py: ND-256: Duplicate cell name in nd.Cell(name='trombone') renamed to 'trombone_2669'.
WARNING: netlist.py: ND-257: Duplicate cell name in nd.Cell(name='PhaseShifter') renamed to 'PhaseShifter_2691'.
WARNING: netlist.py: ND-258: Duplicate cell name in nd.Cell(name='curve') renamed to 'curve_2694'.
WARNING: netlist.py: ND-259: Duplicate cell name in nd.Cell(name='curve_ctclk') renamed to 'curve_ctclk_2701'.
WARNING: netlist.py: ND-260: Duplicate cell name in nd.Cell(name='trombone') renamed to 'trombone_2708'.
WARNING: netlist.py: ND-261: Duplicate cell name in nd.Cell(name='trombone') renamed to 'trombone_2719'.
WARNING: netlist.py: ND-262: Duplicate cell name in nd.Cell(name='trombone') renamed to 'trombone_2730'.
WARNING: netlist.py: ND-263: Duplicate cell name in nd.Cell(name='trombone') renamed to 'trombone_2741'.
WARNING: netlist.py: ND-264: Duplicate cell name in nd.Cell(name='trombone') renamed to 'trombone_2752'.
WARNING: netlist.py: ND-265: Duplicate cell name in nd.Cell(name='trombone') renamed to 'trombone_2763'.
WARNING: netlist.py: ND-266: Duplicate cell name in nd.Cell(name='PhaseShifter') renamed to 'PhaseShifter_2785'.
WARNING: netlist.py: ND-267: Duplicate cell name in nd.Cell(name='curve') renamed to 'curve_2788'.
WARNING: netlist.py: ND-268: Duplicate cell name in nd.Cell(name='curve_ctclk') renamed to 'curve_ctclk_2795'.
WARNING: netlist.py: ND-269: Duplicate cell name in nd.Cell(name='trombone') renamed to 'trombone_2802'.
WARNING: netlist.py: ND-270: Duplicate cell name in nd.Cell(name='trombone') renamed to 'trombone_2813'.
WARNING: netlist.py: ND-271: Duplicate cell name in nd.Cell(name='trombone') renamed to 'trombone_2824'.
WARNING: netlist.py: ND-272: Duplicate cell name in nd.Cell(name='trombone') renamed to 'trombone_2835'.
WARNING: netlist.py: ND-273: Duplicate cell name in nd.Cell(name='trombone') renamed to 'trombone_2846'.
WARNING: netlist.py: ND-274: Duplicate cell name in nd.Cell(name='trombone') renamed to 'trombone_2857'.
INFO: netlist.py: IC-15/ND-275: (interconnect): No solution for sbend_p2p.
INFO: netlist.py: IC-16/ND-276: replacing sbend with bend_strt_bend.
WARNING: netlist.py: ND-277: Duplicate cell name in nd.Cell(name='PhaseShifter') renamed to 'PhaseShifter_2876'.
WARNING: netlist.py: ND-278: Duplicate cell name in nd.Cell(name='curve') renamed to 'curve_2879'.
WARNING: netlist.py: ND-279: Duplicate cell name in nd.Cell(name='curve_ctclk') renamed to 'curve_ctclk_2886'.
WARNING: netlist.py: ND-280: Duplicate cell name in nd.Cell(name='trombone') renamed to 'trombone_2893'.
WARNING: netlist.py: ND-281: Duplicate cell name in nd.Cell(name='trombone') renamed to 'trombone_2904'.
WARNING: netlist.py: ND-282: Duplicate cell name in nd.Cell(name='trombone') renamed to 'trombone_2915'.
WARNING: netlist.py: ND-283: Duplicate cell name in nd.Cell(name='trombone') renamed to 'trombone_2926'.
WARNING: netlist.py: ND-284: Duplicate cell name in nd.Cell(name='trombone') renamed to 'trombone_2937'.
WARNING: netlist.py: ND-285: Duplicate cell name in nd.Cell(name='trombone') renamed to 'trombone_2948'.
INFO: netlist.py: IC-17/ND-286: (interconnect): No solution for sbend_p2p.
INFO: netlist.py: IC-18/ND-287: replacing sbend with bend_strt_bend.
WARNING: netlist.py: ND-288: Duplicate cell name in nd.Cell(name='PhaseShifter') renamed to 'PhaseShifter_2967'.
WARNING: netlist.py: ND-289: Duplicate cell name in nd.Cell(name='curve') renamed to 'curve_2970'.
WARNING: netlist.py: ND-290: Duplicate cell name in nd.Cell(name='curve_ctclk') renamed to 'curve_ctclk_2977'.
WARNING: netlist.py: ND-291: Duplicate cell name in nd.Cell(name='trombone') renamed to 'trombone_2984'.
WARNING: netlist.py: ND-292: Duplicate cell name in nd.Cell(name='trombone') renamed to 'trombone_2995'.
WARNING: netlist.py: ND-293: Duplicate cell name in nd.Cell(name='trombone') renamed to 'trombone_3006'.
WARNING: netlist.py: ND-294: Duplicate cell name in nd.Cell(name='trombone') renamed to 'trombone_3017'.
WARNING: netlist.py: ND-295: Duplicate cell name in nd.Cell(name='trombone') renamed to 'trombone_3028'.
WARNING: netlist.py: ND-296: Duplicate cell name in nd.Cell(name='trombone') renamed to 'trombone_3039'.
INFO: netlist.py: IC-19/ND-297: (interconnect): No solution for sbend_p2p.
INFO: netlist.py: IC-20/ND-298: replacing sbend with bend_strt_bend.
WARNING: netlist.py: ND-299: Duplicate cell name in nd.Cell(name='PhaseShifter') renamed to 'PhaseShifter_3058'.
WARNING: netlist.py: ND-300: Duplicate cell name in nd.Cell(name='curve') renamed to 'curve_3061'.
WARNING: netlist.py: ND-301: Duplicate cell name in nd.Cell(name='curve_ctclk') renamed to 'curve_ctclk_3068'.
WARNING: netlist.py: ND-302: Duplicate cell name in nd.Cell(name='trombone') renamed to 'trombone_3075'.
WARNING: netlist.py: ND-303: Duplicate cell name in nd.Cell(name='trombone') renamed to 'trombone_3086'.
WARNING: netlist.py: ND-304: Duplicate cell name in nd.Cell(name='trombone') renamed to 'trombone_3097'.
WARNING: netlist.py: ND-305: Duplicate cell name in nd.Cell(name='trombone') renamed to 'trombone_3108'.
WARNING: netlist.py: ND-306: Duplicate cell name in nd.Cell(name='trombone') renamed to 'trombone_3119'.
WARNING: netlist.py: ND-307: Duplicate cell name in nd.Cell(name='trombone') renamed to 'trombone_3130'.
WARNING: netlist.py: ND-308: Duplicate cell name in nd.Cell(name='PhaseShifter') renamed to 'PhaseShifter_3152'.
WARNING: netlist.py: ND-309: Duplicate cell name in nd.Cell(name='curve') renamed to 'curve_3155'.
WARNING: netlist.py: ND-310: Duplicate cell name in nd.Cell(name='curve_ctclk') renamed to 'curve_ctclk_3162'.
WARNING: netlist.py: ND-311: Duplicate cell name in nd.Cell(name='trombone') renamed to 'trombone_3169'.
WARNING: netlist.py: ND-312: Duplicate cell name in nd.Cell(name='trombone') renamed to 'trombone_3180'.
WARNING: netlist.py: ND-313: Duplicate cell name in nd.Cell(name='trombone') renamed to 'trombone_3191'.
WARNING: netlist.py: ND-314: Duplicate cell name in nd.Cell(name='trombone') renamed to 'trombone_3202'.
WARNING: netlist.py: ND-315: Duplicate cell name in nd.Cell(name='trombone') renamed to 'trombone_3213'.
WARNING: netlist.py: ND-316: Duplicate cell name in nd.Cell(name='trombone') renamed to 'trombone_3224'.
WARNING: netlist.py: ND-317: Duplicate cell name in nd.Cell(name='PhaseShifter') renamed to 'PhaseShifter_3246'.
WARNING: netlist.py: ND-318: Duplicate cell name in nd.Cell(name='curve') renamed to 'curve_3249'.
WARNING: netlist.py: ND-319: Duplicate cell name in nd.Cell(name='curve_ctclk') renamed to 'curve_ctclk_3256'.
WARNING: netlist.py: ND-320: Duplicate cell name in nd.Cell(name='trombone') renamed to 'trombone_3263'.
WARNING: netlist.py: ND-321: Duplicate cell name in nd.Cell(name='trombone') renamed to 'trombone_3274'.
WARNING: netlist.py: ND-322: Duplicate cell name in nd.Cell(name='trombone') renamed to 'trombone_3285'.
WARNING: netlist.py: ND-323: Duplicate cell name in nd.Cell(name='trombone') renamed to 'trombone_3296'.
WARNING: netlist.py: ND-324: Duplicate cell name in nd.Cell(name='trombone') renamed to 'trombone_3307'.
WARNING: netlist.py: ND-325: Duplicate cell name in nd.Cell(name='trombone') renamed to 'trombone_3318'.
WARNING: netlist.py: ND-326: Duplicate cell name in nd.Cell(name='PhaseShifter') renamed to 'PhaseShifter_3340'.
WARNING: netlist.py: ND-327: Duplicate cell name in nd.Cell(name='curve') renamed to 'curve_3343'.
WARNING: netlist.py: ND-328: Duplicate cell name in nd.Cell(name='curve_ctclk') renamed to 'curve_ctclk_3350'.
WARNING: netlist.py: ND-329: Duplicate cell name in nd.Cell(name='trombone') renamed to 'trombone_3357'.
WARNING: netlist.py: ND-330: Duplicate cell name in nd.Cell(name='trombone') renamed to 'trombone_3368'.
WARNING: netlist.py: ND-331: Duplicate cell name in nd.Cell(name='trombone') renamed to 'trombone_3379'.
WARNING: netlist.py: ND-332: Duplicate cell name in nd.Cell(name='trombone') renamed to 'trombone_3390'.
WARNING: netlist.py: ND-333: Duplicate cell name in nd.Cell(name='trombone') renamed to 'trombone_3401'.
WARNING: netlist.py: ND-334: Duplicate cell name in nd.Cell(name='trombone') renamed to 'trombone_3412'.
INFO: netlist.py: IC-21/ND-335: (interconnect): No solution for sbend_p2p.
INFO: netlist.py: IC-22/ND-336: replacing sbend with bend_strt_bend.
WARNING: netlist.py: ND-337: Duplicate cell name in nd.Cell(name='PhaseShifter') renamed to 'PhaseShifter_3431'.
WARNING: netlist.py: ND-338: Duplicate cell name in nd.Cell(name='laser') renamed to 'laser_3435'.
WARNING: netlist.py: ND-339: Duplicate cell name in nd.Cell(name='tree') renamed to 'tree_3441'.
WARNING: netlist.py: ND-340: Duplicate cell name in nd.Cell(name='myMMI') renamed to 'myMMI_3442'.
WARNING: netlist.py: ND-341: Duplicate cell name in nd.Cell(name='myMMI') renamed to 'myMMI_3459'.
WARNING: netlist.py: ND-342: Duplicate cell name in nd.Cell(name='myMMI') renamed to 'myMMI_3476'.
WARNING: netlist.py: ND-343: Duplicate cell name in nd.Cell(name='myMMI') renamed to 'myMMI_3493'.
WARNING: netlist.py: ND-344: Duplicate cell name in nd.Cell(name='myMMI') renamed to 'myMMI_3506'.
WARNING: netlist.py: ND-345: Duplicate cell name in nd.Cell(name='myMMI') renamed to 'myMMI_3519'.
WARNING: netlist.py: ND-346: Duplicate cell name in nd.Cell(name='myMMI') renamed to 'myMMI_3532'.
WARNING: netlist.py: ND-347: Duplicate cell name in nd.Cell(name='myMMI') renamed to 'myMMI_3545'.
WARNING: netlist.py: ND-348: Duplicate cell name in nd.Cell(name='myMMI') renamed to 'myMMI_3558'.
WARNING: netlist.py: ND-349: Duplicate cell name in nd.Cell(name='myMMI') renamed to 'myMMI_3571'.
WARNING: netlist.py: ND-350: Duplicate cell name in nd.Cell(name='myMMI') renamed to 'myMMI_3584'.
WARNING: netlist.py: ND-351: Duplicate cell name in nd.Cell(name='myMMI') renamed to 'myMMI_3597'.
WARNING: netlist.py: ND-352: Duplicate cell name in nd.Cell(name='myMMI') renamed to 'myMMI_3610'.
WARNING: netlist.py: ND-353: Duplicate cell name in nd.Cell(name='myMMI') renamed to 'myMMI_3623'.
WARNING: netlist.py: ND-354: Duplicate cell name in nd.Cell(name='myMMI') renamed to 'myMMI_3636'.
WARNING: netlist.py: ND-355: Duplicate cell name in nd.Cell(name='curve') renamed to 'curve_3649'.
WARNING: netlist.py: ND-356: Duplicate cell name in nd.Cell(name='curve_ctclk') renamed to 'curve_ctclk_3656'.
WARNING: netlist.py: ND-357: Duplicate cell name in nd.Cell(name='trombone') renamed to 'trombone_3663'.
WARNING: netlist.py: ND-358: Duplicate cell name in nd.Cell(name='trombone') renamed to 'trombone_3674'.
WARNING: netlist.py: ND-359: Duplicate cell name in nd.Cell(name='trombone') renamed to 'trombone_3685'.
WARNING: netlist.py: ND-360: Duplicate cell name in nd.Cell(name='trombone') renamed to 'trombone_3696'.
WARNING: netlist.py: ND-361: Duplicate cell name in nd.Cell(name='trombone') renamed to 'trombone_3707'.
WARNING: netlist.py: ND-362: Duplicate cell name in nd.Cell(name='trombone') renamed to 'trombone_3718'.
WARNING: netlist.py: ND-363: Duplicate cell name in nd.Cell(name='PhaseShifter') renamed to 'PhaseShifter_3740'.
WARNING: netlist.py: ND-364: Duplicate cell name in nd.Cell(name='curve') renamed to 'curve_3743'.
WARNING: netlist.py: ND-365: Duplicate cell name in nd.Cell(name='curve_ctclk') renamed to 'curve_ctclk_3750'.
WARNING: netlist.py: ND-366: Duplicate cell name in nd.Cell(name='trombone') renamed to 'trombone_3757'.
WARNING: netlist.py: ND-367: Duplicate cell name in nd.Cell(name='trombone') renamed to 'trombone_3768'.
WARNING: netlist.py: ND-368: Duplicate cell name in nd.Cell(name='trombone') renamed to 'trombone_3779'.
WARNING: netlist.py: ND-369: Duplicate cell name in nd.Cell(name='trombone') renamed to 'trombone_3790'.
WARNING: netlist.py: ND-370: Duplicate cell name in nd.Cell(name='trombone') renamed to 'trombone_3801'.
WARNING: netlist.py: ND-371: Duplicate cell name in nd.Cell(name='trombone') renamed to 'trombone_3812'.
WARNING: netlist.py: ND-372: Duplicate cell name in nd.Cell(name='PhaseShifter') renamed to 'PhaseShifter_3834'.
WARNING: netlist.py: ND-373: Duplicate cell name in nd.Cell(name='curve') renamed to 'curve_3837'.
WARNING: netlist.py: ND-374: Duplicate cell name in nd.Cell(name='curve_ctclk') renamed to 'curve_ctclk_3844'.
WARNING: netlist.py: ND-375: Duplicate cell name in nd.Cell(name='trombone') renamed to 'trombone_3851'.
WARNING: netlist.py: ND-376: Duplicate cell name in nd.Cell(name='trombone') renamed to 'trombone_3862'.
WARNING: netlist.py: ND-377: Duplicate cell name in nd.Cell(name='trombone') renamed to 'trombone_3873'.
WARNING: netlist.py: ND-378: Duplicate cell name in nd.Cell(name='trombone') renamed to 'trombone_3884'.
WARNING: netlist.py: ND-379: Duplicate cell name in nd.Cell(name='trombone') renamed to 'trombone_3895'.
WARNING: netlist.py: ND-380: Duplicate cell name in nd.Cell(name='trombone') renamed to 'trombone_3906'.
WARNING: netlist.py: ND-381: Duplicate cell name in nd.Cell(name='PhaseShifter') renamed to 'PhaseShifter_3928'.
WARNING: netlist.py: ND-382: Duplicate cell name in nd.Cell(name='curve') renamed to 'curve_3931'.
WARNING: netlist.py: ND-383: Duplicate cell name in nd.Cell(name='curve_ctclk') renamed to 'curve_ctclk_3938'.
WARNING: netlist.py: ND-384: Duplicate cell name in nd.Cell(name='trombone') renamed to 'trombone_3945'.
WARNING: netlist.py: ND-385: Duplicate cell name in nd.Cell(name='trombone') renamed to 'trombone_3956'.
WARNING: netlist.py: ND-386: Duplicate cell name in nd.Cell(name='trombone') renamed to 'trombone_3967'.
WARNING: netlist.py: ND-387: Duplicate cell name in nd.Cell(name='trombone') renamed to 'trombone_3978'.
WARNING: netlist.py: ND-388: Duplicate cell name in nd.Cell(name='trombone') renamed to 'trombone_3989'.
WARNING: netlist.py: ND-389: Duplicate cell name in nd.Cell(name='trombone') renamed to 'trombone_4000'.
WARNING: netlist.py: ND-390: Duplicate cell name in nd.Cell(name='PhaseShifter') renamed to 'PhaseShifter_4022'.
WARNING: netlist.py: ND-391: Duplicate cell name in nd.Cell(name='curve') renamed to 'curve_4025'.
WARNING: netlist.py: ND-392: Duplicate cell name in nd.Cell(name='curve_ctclk') renamed to 'curve_ctclk_4032'.
WARNING: netlist.py: ND-393: Duplicate cell name in nd.Cell(name='trombone') renamed to 'trombone_4039'.
WARNING: netlist.py: ND-394: Duplicate cell name in nd.Cell(name='trombone') renamed to 'trombone_4050'.
WARNING: netlist.py: ND-395: Duplicate cell name in nd.Cell(name='trombone') renamed to 'trombone_4061'.
WARNING: netlist.py: ND-396: Duplicate cell name in nd.Cell(name='trombone') renamed to 'trombone_4072'.
WARNING: netlist.py: ND-397: Duplicate cell name in nd.Cell(name='trombone') renamed to 'trombone_4083'.
WARNING: netlist.py: ND-398: Duplicate cell name in nd.Cell(name='trombone') renamed to 'trombone_4094'.
WARNING: netlist.py: ND-399: Duplicate cell name in nd.Cell(name='PhaseShifter') renamed to 'PhaseShifter_4116'.
WARNING: netlist.py: ND-400: Duplicate cell name in nd.Cell(name='curve') renamed to 'curve_4119'.
WARNING: netlist.py: ND-401: Duplicate cell name in nd.Cell(name='curve_ctclk') renamed to 'curve_ctclk_4126'.
WARNING: netlist.py: ND-402: Duplicate cell name in nd.Cell(name='trombone') renamed to 'trombone_4133'.
WARNING: netlist.py: ND-403: Duplicate cell name in nd.Cell(name='trombone') renamed to 'trombone_4144'.
WARNING: netlist.py: ND-404: Duplicate cell name in nd.Cell(name='trombone') renamed to 'trombone_4155'.
WARNING: netlist.py: ND-405: Duplicate cell name in nd.Cell(name='trombone') renamed to 'trombone_4166'.
WARNING: netlist.py: ND-406: Duplicate cell name in nd.Cell(name='trombone') renamed to 'trombone_4177'.
WARNING: netlist.py: ND-407: Duplicate cell name in nd.Cell(name='trombone') renamed to 'trombone_4188'.
WARNING: netlist.py: ND-408: Duplicate cell name in nd.Cell(name='PhaseShifter') renamed to 'PhaseShifter_4210'.
WARNING: netlist.py: ND-409: Duplicate cell name in nd.Cell(name='curve') renamed to 'curve_4213'.
WARNING: netlist.py: ND-410: Duplicate cell name in nd.Cell(name='curve_ctclk') renamed to 'curve_ctclk_4220'.
WARNING: netlist.py: ND-411: Duplicate cell name in nd.Cell(name='trombone') renamed to 'trombone_4227'.
WARNING: netlist.py: ND-412: Duplicate cell name in nd.Cell(name='trombone') renamed to 'trombone_4238'.
WARNING: netlist.py: ND-413: Duplicate cell name in nd.Cell(name='trombone') renamed to 'trombone_4249'.
WARNING: netlist.py: ND-414: Duplicate cell name in nd.Cell(name='trombone') renamed to 'trombone_4260'.
WARNING: netlist.py: ND-415: Duplicate cell name in nd.Cell(name='trombone') renamed to 'trombone_4271'.
WARNING: netlist.py: ND-416: Duplicate cell name in nd.Cell(name='trombone') renamed to 'trombone_4282'.
WARNING: netlist.py: ND-417: Duplicate cell name in nd.Cell(name='PhaseShifter') renamed to 'PhaseShifter_4304'.
WARNING: netlist.py: ND-418: Duplicate cell name in nd.Cell(name='curve') renamed to 'curve_4307'.
WARNING: netlist.py: ND-419: Duplicate cell name in nd.Cell(name='curve_ctclk') renamed to 'curve_ctclk_4314'.
WARNING: netlist.py: ND-420: Duplicate cell name in nd.Cell(name='trombone') renamed to 'trombone_4321'.
WARNING: netlist.py: ND-421: Duplicate cell name in nd.Cell(name='trombone') renamed to 'trombone_4332'.
WARNING: netlist.py: ND-422: Duplicate cell name in nd.Cell(name='trombone') renamed to 'trombone_4343'.
WARNING: netlist.py: ND-423: Duplicate cell name in nd.Cell(name='trombone') renamed to 'trombone_4354'.
WARNING: netlist.py: ND-424: Duplicate cell name in nd.Cell(name='trombone') renamed to 'trombone_4365'.
WARNING: netlist.py: ND-425: Duplicate cell name in nd.Cell(name='trombone') renamed to 'trombone_4376'.
WARNING: netlist.py: ND-426: Duplicate cell name in nd.Cell(name='PhaseShifter') renamed to 'PhaseShifter_4396'.
WARNING: netlist.py: ND-427: Duplicate cell name in nd.Cell(name='curve') renamed to 'curve_4399'.
WARNING: netlist.py: ND-428: Duplicate cell name in nd.Cell(name='curve_ctclk') renamed to 'curve_ctclk_4406'.
WARNING: netlist.py: ND-429: Duplicate cell name in nd.Cell(name='trombone') renamed to 'trombone_4413'.
WARNING: netlist.py: ND-430: Duplicate cell name in nd.Cell(name='trombone') renamed to 'trombone_4424'.
WARNING: netlist.py: ND-431: Duplicate cell name in nd.Cell(name='trombone') renamed to 'trombone_4435'.
WARNING: netlist.py: ND-432: Duplicate cell name in nd.Cell(name='trombone') renamed to 'trombone_4446'.
WARNING: netlist.py: ND-433: Duplicate cell name in nd.Cell(name='trombone') renamed to 'trombone_4457'.
WARNING: netlist.py: ND-434: Duplicate cell name in nd.Cell(name='trombone') renamed to 'trombone_4468'.
WARNING: netlist.py: ND-435: Duplicate cell name in nd.Cell(name='PhaseShifter') renamed to 'PhaseShifter_4488'.
WARNING: netlist.py: ND-436: Duplicate cell name in nd.Cell(name='curve') renamed to 'curve_4491'.
WARNING: netlist.py: ND-437: Duplicate cell name in nd.Cell(name='curve_ctclk') renamed to 'curve_ctclk_4498'.
WARNING: netlist.py: ND-438: Duplicate cell name in nd.Cell(name='trombone') renamed to 'trombone_4505'.
WARNING: netlist.py: ND-439: Duplicate cell name in nd.Cell(name='trombone') renamed to 'trombone_4516'.
WARNING: netlist.py: ND-440: Duplicate cell name in nd.Cell(name='trombone') renamed to 'trombone_4527'.
WARNING: netlist.py: ND-441: Duplicate cell name in nd.Cell(name='trombone') renamed to 'trombone_4538'.
WARNING: netlist.py: ND-442: Duplicate cell name in nd.Cell(name='trombone') renamed to 'trombone_4549'.
WARNING: netlist.py: ND-443: Duplicate cell name in nd.Cell(name='trombone') renamed to 'trombone_4560'.
WARNING: netlist.py: ND-444: Duplicate cell name in nd.Cell(name='PhaseShifter') renamed to 'PhaseShifter_4580'.
WARNING: netlist.py: ND-445: Duplicate cell name in nd.Cell(name='curve') renamed to 'curve_4583'.
WARNING: netlist.py: ND-446: Duplicate cell name in nd.Cell(name='curve_ctclk') renamed to 'curve_ctclk_4590'.
WARNING: netlist.py: ND-447: Duplicate cell name in nd.Cell(name='trombone') renamed to 'trombone_4597'.
WARNING: netlist.py: ND-448: Duplicate cell name in nd.Cell(name='trombone') renamed to 'trombone_4608'.
WARNING: netlist.py: ND-449: Duplicate cell name in nd.Cell(name='trombone') renamed to 'trombone_4619'.
WARNING: netlist.py: ND-450: Duplicate cell name in nd.Cell(name='trombone') renamed to 'trombone_4630'.
WARNING: netlist.py: ND-451: Duplicate cell name in nd.Cell(name='trombone') renamed to 'trombone_4641'.
WARNING: netlist.py: ND-452: Duplicate cell name in nd.Cell(name='trombone') renamed to 'trombone_4652'.
WARNING: netlist.py: ND-453: Duplicate cell name in nd.Cell(name='PhaseShifter') renamed to 'PhaseShifter_4674'.
WARNING: netlist.py: ND-454: Duplicate cell name in nd.Cell(name='curve') renamed to 'curve_4677'.
WARNING: netlist.py: ND-455: Duplicate cell name in nd.Cell(name='curve_ctclk') renamed to 'curve_ctclk_4684'.
WARNING: netlist.py: ND-456: Duplicate cell name in nd.Cell(name='trombone') renamed to 'trombone_4691'.
WARNING: netlist.py: ND-457: Duplicate cell name in nd.Cell(name='trombone') renamed to 'trombone_4702'.
WARNING: netlist.py: ND-458: Duplicate cell name in nd.Cell(name='trombone') renamed to 'trombone_4713'.
WARNING: netlist.py: ND-459: Duplicate cell name in nd.Cell(name='trombone') renamed to 'trombone_4724'.
WARNING: netlist.py: ND-460: Duplicate cell name in nd.Cell(name='trombone') renamed to 'trombone_4735'.
WARNING: netlist.py: ND-461: Duplicate cell name in nd.Cell(name='trombone') renamed to 'trombone_4746'.
WARNING: netlist.py: ND-462: Duplicate cell name in nd.Cell(name='PhaseShifter') renamed to 'PhaseShifter_4768'.
WARNING: netlist.py: ND-463: Duplicate cell name in nd.Cell(name='curve') renamed to 'curve_4771'.
WARNING: netlist.py: ND-464: Duplicate cell name in nd.Cell(name='curve_ctclk') renamed to 'curve_ctclk_4778'.
WARNING: netlist.py: ND-465: Duplicate cell name in nd.Cell(name='trombone') renamed to 'trombone_4785'.
WARNING: netlist.py: ND-466: Duplicate cell name in nd.Cell(name='trombone') renamed to 'trombone_4796'.
WARNING: netlist.py: ND-467: Duplicate cell name in nd.Cell(name='trombone') renamed to 'trombone_4807'.
WARNING: netlist.py: ND-468: Duplicate cell name in nd.Cell(name='trombone') renamed to 'trombone_4818'.
WARNING: netlist.py: ND-469: Duplicate cell name in nd.Cell(name='trombone') renamed to 'trombone_4829'.
WARNING: netlist.py: ND-470: Duplicate cell name in nd.Cell(name='trombone') renamed to 'trombone_4840'.
WARNING: netlist.py: ND-471: Duplicate cell name in nd.Cell(name='PhaseShifter') renamed to 'PhaseShifter_4862'.
WARNING: netlist.py: ND-472: Duplicate cell name in nd.Cell(name='curve') renamed to 'curve_4865'.
WARNING: netlist.py: ND-473: Duplicate cell name in nd.Cell(name='curve_ctclk') renamed to 'curve_ctclk_4872'.
WARNING: netlist.py: ND-474: Duplicate cell name in nd.Cell(name='trombone') renamed to 'trombone_4879'.
WARNING: netlist.py: ND-475: Duplicate cell name in nd.Cell(name='trombone') renamed to 'trombone_4890'.
WARNING: netlist.py: ND-476: Duplicate cell name in nd.Cell(name='trombone') renamed to 'trombone_4901'.
WARNING: netlist.py: ND-477: Duplicate cell name in nd.Cell(name='trombone') renamed to 'trombone_4912'.
WARNING: netlist.py: ND-478: Duplicate cell name in nd.Cell(name='trombone') renamed to 'trombone_4923'.
WARNING: netlist.py: ND-479: Duplicate cell name in nd.Cell(name='trombone') renamed to 'trombone_4934'.
WARNING: netlist.py: ND-480: Duplicate cell name in nd.Cell(name='PhaseShifter') renamed to 'PhaseShifter_4956'.
WARNING: netlist.py: ND-481: Duplicate cell name in nd.Cell(name='curve') renamed to 'curve_4959'.
WARNING: netlist.py: ND-482: Duplicate cell name in nd.Cell(name='curve_ctclk') renamed to 'curve_ctclk_4966'.
WARNING: netlist.py: ND-483: Duplicate cell name in nd.Cell(name='trombone') renamed to 'trombone_4973'.
WARNING: netlist.py: ND-484: Duplicate cell name in nd.Cell(name='trombone') renamed to 'trombone_4984'.
WARNING: netlist.py: ND-485: Duplicate cell name in nd.Cell(name='trombone') renamed to 'trombone_4995'.
WARNING: netlist.py: ND-486: Duplicate cell name in nd.Cell(name='trombone') renamed to 'trombone_5006'.
WARNING: netlist.py: ND-487: Duplicate cell name in nd.Cell(name='trombone') renamed to 'trombone_5017'.
WARNING: netlist.py: ND-488: Duplicate cell name in nd.Cell(name='trombone') renamed to 'trombone_5028'.
WARNING: netlist.py: ND-489: Duplicate cell name in nd.Cell(name='PhaseShifter') renamed to 'PhaseShifter_5050'.
WARNING: netlist.py: ND-490: Duplicate cell name in nd.Cell(name='curve') renamed to 'curve_5053'.
WARNING: netlist.py: ND-491: Duplicate cell name in nd.Cell(name='curve_ctclk') renamed to 'curve_ctclk_5060'.
WARNING: netlist.py: ND-492: Duplicate cell name in nd.Cell(name='trombone') renamed to 'trombone_5067'.
WARNING: netlist.py: ND-493: Duplicate cell name in nd.Cell(name='trombone') renamed to 'trombone_5078'.
WARNING: netlist.py: ND-494: Duplicate cell name in nd.Cell(name='trombone') renamed to 'trombone_5089'.
WARNING: netlist.py: ND-495: Duplicate cell name in nd.Cell(name='trombone') renamed to 'trombone_5100'.
WARNING: netlist.py: ND-496: Duplicate cell name in nd.Cell(name='trombone') renamed to 'trombone_5111'.
WARNING: netlist.py: ND-497: Duplicate cell name in nd.Cell(name='trombone') renamed to 'trombone_5122'.
WARNING: netlist.py: ND-498: Duplicate cell name in nd.Cell(name='PhaseShifter') renamed to 'PhaseShifter_5144'.
