INFO: logging.py: datetime: 2023-01-21 15:33
INFO: logging.py: logging level: INFO
INFO: logging.py: Nazca Design version: 0.5.13
WARNING: mask_layers.py: Reusing an existing layer_name 'DeepTrench'. Use a different layer name or set overwrite=True.
WARNING: netlist.py: ND-1: Duplicate cell name in nd.Cell(name='myMMI') renamed to 'myMMI_51'.
WARNING: netlist.py: ND-2: Duplicate cell name in nd.Cell(name='myMMI') renamed to 'myMMI_68'.
WARNING: netlist.py: ND-3: Duplicate cell name in nd.Cell(name='myMMI') renamed to 'myMMI_85'.
WARNING: netlist.py: ND-4: Duplicate cell name in nd.Cell(name='myMMI') renamed to 'myMMI_98'.
WARNING: netlist.py: ND-5: Duplicate cell name in nd.Cell(name='myMMI') renamed to 'myMMI_111'.
WARNING: netlist.py: ND-6: Duplicate cell name in nd.Cell(name='myMMI') renamed to 'myMMI_124'.
WARNING: netlist.py: ND-7: Duplicate cell name in nd.Cell(name='myMMI') renamed to 'myMMI_137'.
WARNING: netlist.py: ND-8: Duplicate cell name in nd.Cell(name='myMMI') renamed to 'myMMI_150'.
WARNING: netlist.py: ND-9: Duplicate cell name in nd.Cell(name='myMMI') renamed to 'myMMI_163'.
WARNING: netlist.py: ND-10: Duplicate cell name in nd.Cell(name='myMMI') renamed to 'myMMI_176'.
WARNING: netlist.py: ND-11: Duplicate cell name in nd.Cell(name='myMMI') renamed to 'myMMI_189'.
WARNING: netlist.py: ND-12: Duplicate cell name in nd.Cell(name='myMMI') renamed to 'myMMI_202'.
WARNING: netlist.py: ND-13: Duplicate cell name in nd.Cell(name='myMMI') renamed to 'myMMI_215'.
WARNING: netlist.py: ND-14: Duplicate cell name in nd.Cell(name='myMMI') renamed to 'myMMI_228'.
WARNING: netlist.py: ND-15: Duplicate cell name in nd.Cell(name='trombone') renamed to 'trombone_266'.
WARNING: netlist.py: ND-16: Duplicate cell name in nd.Cell(name='trombone') renamed to 'trombone_277'.
WARNING: netlist.py: ND-17: Duplicate cell name in nd.Cell(name='trombone') renamed to 'trombone_288'.
WARNING: netlist.py: ND-18: Duplicate cell name in nd.Cell(name='trombone') renamed to 'trombone_299'.
WARNING: netlist.py: ND-19: Duplicate cell name in nd.Cell(name='trombone') renamed to 'trombone_310'.
WARNING: netlist.py: ND-20: Duplicate cell name in nd.Cell(name='curve') renamed to 'curve_332'.
WARNING: netlist.py: ND-21: Duplicate cell name in nd.Cell(name='curve_ctclk') renamed to 'curve_ctclk_339'.
WARNING: netlist.py: ND-22: Duplicate cell name in nd.Cell(name='trombone') renamed to 'trombone_346'.
WARNING: netlist.py: ND-23: Duplicate cell name in nd.Cell(name='trombone') renamed to 'trombone_357'.
WARNING: netlist.py: ND-24: Duplicate cell name in nd.Cell(name='trombone') renamed to 'trombone_368'.
WARNING: netlist.py: ND-25: Duplicate cell name in nd.Cell(name='trombone') renamed to 'trombone_379'.
WARNING: netlist.py: ND-26: Duplicate cell name in nd.Cell(name='trombone') renamed to 'trombone_390'.
WARNING: netlist.py: ND-27: Duplicate cell name in nd.Cell(name='trombone') renamed to 'trombone_401'.
WARNING: netlist.py: ND-28: Duplicate cell name in nd.Cell(name='curve') renamed to 'curve_423'.
WARNING: netlist.py: ND-29: Duplicate cell name in nd.Cell(name='curve_ctclk') renamed to 'curve_ctclk_430'.
WARNING: netlist.py: ND-30: Duplicate cell name in nd.Cell(name='trombone') renamed to 'trombone_437'.
WARNING: netlist.py: ND-31: Duplicate cell name in nd.Cell(name='trombone') renamed to 'trombone_448'.
WARNING: netlist.py: ND-32: Duplicate cell name in nd.Cell(name='trombone') renamed to 'trombone_459'.
WARNING: netlist.py: ND-33: Duplicate cell name in nd.Cell(name='trombone') renamed to 'trombone_470'.
WARNING: netlist.py: ND-34: Duplicate cell name in nd.Cell(name='trombone') renamed to 'trombone_481'.
WARNING: netlist.py: ND-35: Duplicate cell name in nd.Cell(name='trombone') renamed to 'trombone_492'.
WARNING: netlist.py: ND-36: Duplicate cell name in nd.Cell(name='curve') renamed to 'curve_514'.
WARNING: netlist.py: ND-37: Duplicate cell name in nd.Cell(name='curve_ctclk') renamed to 'curve_ctclk_521'.
WARNING: netlist.py: ND-38: Duplicate cell name in nd.Cell(name='trombone') renamed to 'trombone_528'.
WARNING: netlist.py: ND-39: Duplicate cell name in nd.Cell(name='trombone') renamed to 'trombone_539'.
WARNING: netlist.py: ND-40: Duplicate cell name in nd.Cell(name='trombone') renamed to 'trombone_550'.
WARNING: netlist.py: ND-41: Duplicate cell name in nd.Cell(name='trombone') renamed to 'trombone_561'.
WARNING: netlist.py: ND-42: Duplicate cell name in nd.Cell(name='trombone') renamed to 'trombone_572'.
WARNING: netlist.py: ND-43: Duplicate cell name in nd.Cell(name='trombone') renamed to 'trombone_583'.
WARNING: netlist.py: ND-44: Duplicate cell name in nd.Cell(name='curve') renamed to 'curve_605'.
WARNING: netlist.py: ND-45: Duplicate cell name in nd.Cell(name='curve_ctclk') renamed to 'curve_ctclk_612'.
WARNING: netlist.py: ND-46: Duplicate cell name in nd.Cell(name='trombone') renamed to 'trombone_619'.
WARNING: netlist.py: ND-47: Duplicate cell name in nd.Cell(name='trombone') renamed to 'trombone_630'.
WARNING: netlist.py: ND-48: Duplicate cell name in nd.Cell(name='trombone') renamed to 'trombone_641'.
WARNING: netlist.py: ND-49: Duplicate cell name in nd.Cell(name='trombone') renamed to 'trombone_652'.
WARNING: netlist.py: ND-50: Duplicate cell name in nd.Cell(name='trombone') renamed to 'trombone_663'.
WARNING: netlist.py: ND-51: Duplicate cell name in nd.Cell(name='trombone') renamed to 'trombone_674'.
WARNING: netlist.py: ND-52: Duplicate cell name in nd.Cell(name='curve') renamed to 'curve_696'.
WARNING: netlist.py: ND-53: Duplicate cell name in nd.Cell(name='curve_ctclk') renamed to 'curve_ctclk_703'.
WARNING: netlist.py: ND-54: Duplicate cell name in nd.Cell(name='trombone') renamed to 'trombone_710'.
WARNING: netlist.py: ND-55: Duplicate cell name in nd.Cell(name='trombone') renamed to 'trombone_721'.
WARNING: netlist.py: ND-56: Duplicate cell name in nd.Cell(name='trombone') renamed to 'trombone_732'.
WARNING: netlist.py: ND-57: Duplicate cell name in nd.Cell(name='trombone') renamed to 'trombone_743'.
WARNING: netlist.py: ND-58: Duplicate cell name in nd.Cell(name='trombone') renamed to 'trombone_754'.
WARNING: netlist.py: ND-59: Duplicate cell name in nd.Cell(name='trombone') renamed to 'trombone_765'.
WARNING: netlist.py: ND-60: Duplicate cell name in nd.Cell(name='curve') renamed to 'curve_787'.
WARNING: netlist.py: ND-61: Duplicate cell name in nd.Cell(name='curve_ctclk') renamed to 'curve_ctclk_794'.
WARNING: netlist.py: ND-62: Duplicate cell name in nd.Cell(name='trombone') renamed to 'trombone_801'.
WARNING: netlist.py: ND-63: Duplicate cell name in nd.Cell(name='trombone') renamed to 'trombone_812'.
WARNING: netlist.py: ND-64: Duplicate cell name in nd.Cell(name='trombone') renamed to 'trombone_823'.
WARNING: netlist.py: ND-65: Duplicate cell name in nd.Cell(name='trombone') renamed to 'trombone_834'.
WARNING: netlist.py: ND-66: Duplicate cell name in nd.Cell(name='trombone') renamed to 'trombone_845'.
WARNING: netlist.py: ND-67: Duplicate cell name in nd.Cell(name='trombone') renamed to 'trombone_856'.
WARNING: netlist.py: ND-68: Duplicate cell name in nd.Cell(name='curve') renamed to 'curve_878'.
WARNING: netlist.py: ND-69: Duplicate cell name in nd.Cell(name='curve_ctclk') renamed to 'curve_ctclk_885'.
WARNING: netlist.py: ND-70: Duplicate cell name in nd.Cell(name='trombone') renamed to 'trombone_892'.
WARNING: netlist.py: ND-71: Duplicate cell name in nd.Cell(name='trombone') renamed to 'trombone_903'.
WARNING: netlist.py: ND-72: Duplicate cell name in nd.Cell(name='trombone') renamed to 'trombone_914'.
WARNING: netlist.py: ND-73: Duplicate cell name in nd.Cell(name='trombone') renamed to 'trombone_925'.
WARNING: netlist.py: ND-74: Duplicate cell name in nd.Cell(name='trombone') renamed to 'trombone_936'.
WARNING: netlist.py: ND-75: Duplicate cell name in nd.Cell(name='trombone') renamed to 'trombone_947'.
WARNING: netlist.py: ND-76: Duplicate cell name in nd.Cell(name='curve') renamed to 'curve_967'.
WARNING: netlist.py: ND-77: Duplicate cell name in nd.Cell(name='curve_ctclk') renamed to 'curve_ctclk_974'.
WARNING: netlist.py: ND-78: Duplicate cell name in nd.Cell(name='trombone') renamed to 'trombone_981'.
WARNING: netlist.py: ND-79: Duplicate cell name in nd.Cell(name='trombone') renamed to 'trombone_992'.
WARNING: netlist.py: ND-80: Duplicate cell name in nd.Cell(name='trombone') renamed to 'trombone_1003'.
WARNING: netlist.py: ND-81: Duplicate cell name in nd.Cell(name='trombone') renamed to 'trombone_1014'.
WARNING: netlist.py: ND-82: Duplicate cell name in nd.Cell(name='trombone') renamed to 'trombone_1025'.
WARNING: netlist.py: ND-83: Duplicate cell name in nd.Cell(name='trombone') renamed to 'trombone_1036'.
WARNING: netlist.py: ND-84: Duplicate cell name in nd.Cell(name='curve') renamed to 'curve_1056'.
WARNING: netlist.py: ND-85: Duplicate cell name in nd.Cell(name='curve_ctclk') renamed to 'curve_ctclk_1063'.
WARNING: netlist.py: ND-86: Duplicate cell name in nd.Cell(name='trombone') renamed to 'trombone_1070'.
WARNING: netlist.py: ND-87: Duplicate cell name in nd.Cell(name='trombone') renamed to 'trombone_1081'.
WARNING: netlist.py: ND-88: Duplicate cell name in nd.Cell(name='trombone') renamed to 'trombone_1092'.
WARNING: netlist.py: ND-89: Duplicate cell name in nd.Cell(name='trombone') renamed to 'trombone_1103'.
WARNING: netlist.py: ND-90: Duplicate cell name in nd.Cell(name='trombone') renamed to 'trombone_1114'.
WARNING: netlist.py: ND-91: Duplicate cell name in nd.Cell(name='trombone') renamed to 'trombone_1125'.
WARNING: netlist.py: ND-92: Duplicate cell name in nd.Cell(name='curve') renamed to 'curve_1145'.
WARNING: netlist.py: ND-93: Duplicate cell name in nd.Cell(name='curve_ctclk') renamed to 'curve_ctclk_1152'.
WARNING: netlist.py: ND-94: Duplicate cell name in nd.Cell(name='trombone') renamed to 'trombone_1159'.
WARNING: netlist.py: ND-95: Duplicate cell name in nd.Cell(name='trombone') renamed to 'trombone_1170'.
WARNING: netlist.py: ND-96: Duplicate cell name in nd.Cell(name='trombone') renamed to 'trombone_1181'.
WARNING: netlist.py: ND-97: Duplicate cell name in nd.Cell(name='trombone') renamed to 'trombone_1192'.
WARNING: netlist.py: ND-98: Duplicate cell name in nd.Cell(name='trombone') renamed to 'trombone_1203'.
WARNING: netlist.py: ND-99: Duplicate cell name in nd.Cell(name='trombone') renamed to 'trombone_1214'.
WARNING: netlist.py: ND-100: Duplicate cell name in nd.Cell(name='curve') renamed to 'curve_1236'.
WARNING: netlist.py: ND-101: Duplicate cell name in nd.Cell(name='curve_ctclk') renamed to 'curve_ctclk_1243'.
WARNING: netlist.py: ND-102: Duplicate cell name in nd.Cell(name='trombone') renamed to 'trombone_1250'.
WARNING: netlist.py: ND-103: Duplicate cell name in nd.Cell(name='trombone') renamed to 'trombone_1261'.
WARNING: netlist.py: ND-104: Duplicate cell name in nd.Cell(name='trombone') renamed to 'trombone_1272'.
WARNING: netlist.py: ND-105: Duplicate cell name in nd.Cell(name='trombone') renamed to 'trombone_1283'.
WARNING: netlist.py: ND-106: Duplicate cell name in nd.Cell(name='trombone') renamed to 'trombone_1294'.
WARNING: netlist.py: ND-107: Duplicate cell name in nd.Cell(name='trombone') renamed to 'trombone_1305'.
WARNING: netlist.py: ND-108: Duplicate cell name in nd.Cell(name='curve') renamed to 'curve_1327'.
WARNING: netlist.py: ND-109: Duplicate cell name in nd.Cell(name='curve_ctclk') renamed to 'curve_ctclk_1334'.
WARNING: netlist.py: ND-110: Duplicate cell name in nd.Cell(name='trombone') renamed to 'trombone_1341'.
WARNING: netlist.py: ND-111: Duplicate cell name in nd.Cell(name='trombone') renamed to 'trombone_1352'.
WARNING: netlist.py: ND-112: Duplicate cell name in nd.Cell(name='trombone') renamed to 'trombone_1363'.
WARNING: netlist.py: ND-113: Duplicate cell name in nd.Cell(name='trombone') renamed to 'trombone_1374'.
WARNING: netlist.py: ND-114: Duplicate cell name in nd.Cell(name='trombone') renamed to 'trombone_1385'.
WARNING: netlist.py: ND-115: Duplicate cell name in nd.Cell(name='trombone') renamed to 'trombone_1396'.
WARNING: netlist.py: ND-116: Duplicate cell name in nd.Cell(name='curve') renamed to 'curve_1418'.
WARNING: netlist.py: ND-117: Duplicate cell name in nd.Cell(name='curve_ctclk') renamed to 'curve_ctclk_1425'.
WARNING: netlist.py: ND-118: Duplicate cell name in nd.Cell(name='trombone') renamed to 'trombone_1432'.
WARNING: netlist.py: ND-119: Duplicate cell name in nd.Cell(name='trombone') renamed to 'trombone_1443'.
WARNING: netlist.py: ND-120: Duplicate cell name in nd.Cell(name='trombone') renamed to 'trombone_1454'.
WARNING: netlist.py: ND-121: Duplicate cell name in nd.Cell(name='trombone') renamed to 'trombone_1465'.
WARNING: netlist.py: ND-122: Duplicate cell name in nd.Cell(name='trombone') renamed to 'trombone_1476'.
WARNING: netlist.py: ND-123: Duplicate cell name in nd.Cell(name='trombone') renamed to 'trombone_1487'.
WARNING: netlist.py: ND-124: Duplicate cell name in nd.Cell(name='curve') renamed to 'curve_1509'.
WARNING: netlist.py: ND-125: Duplicate cell name in nd.Cell(name='curve_ctclk') renamed to 'curve_ctclk_1516'.
WARNING: netlist.py: ND-126: Duplicate cell name in nd.Cell(name='trombone') renamed to 'trombone_1523'.
WARNING: netlist.py: ND-127: Duplicate cell name in nd.Cell(name='trombone') renamed to 'trombone_1534'.
WARNING: netlist.py: ND-128: Duplicate cell name in nd.Cell(name='trombone') renamed to 'trombone_1545'.
WARNING: netlist.py: ND-129: Duplicate cell name in nd.Cell(name='trombone') renamed to 'trombone_1556'.
WARNING: netlist.py: ND-130: Duplicate cell name in nd.Cell(name='trombone') renamed to 'trombone_1567'.
WARNING: netlist.py: ND-131: Duplicate cell name in nd.Cell(name='trombone') renamed to 'trombone_1578'.
WARNING: netlist.py: ND-132: Duplicate cell name in nd.Cell(name='curve') renamed to 'curve_1600'.
WARNING: netlist.py: ND-133: Duplicate cell name in nd.Cell(name='curve_ctclk') renamed to 'curve_ctclk_1607'.
WARNING: netlist.py: ND-134: Duplicate cell name in nd.Cell(name='trombone') renamed to 'trombone_1614'.
WARNING: netlist.py: ND-135: Duplicate cell name in nd.Cell(name='trombone') renamed to 'trombone_1625'.
WARNING: netlist.py: ND-136: Duplicate cell name in nd.Cell(name='trombone') renamed to 'trombone_1636'.
WARNING: netlist.py: ND-137: Duplicate cell name in nd.Cell(name='trombone') renamed to 'trombone_1647'.
WARNING: netlist.py: ND-138: Duplicate cell name in nd.Cell(name='trombone') renamed to 'trombone_1658'.
WARNING: netlist.py: ND-139: Duplicate cell name in nd.Cell(name='trombone') renamed to 'trombone_1669'.
WARNING: netlist.py: ND-140: Duplicate cell name in nd.Cell(name='laser') renamed to 'laser_1692'.
WARNING: netlist.py: ND-141: Duplicate cell name in nd.Cell(name='tree') renamed to 'tree_1698'.
WARNING: netlist.py: ND-142: Duplicate cell name in nd.Cell(name='myMMI') renamed to 'myMMI_1699'.
WARNING: netlist.py: ND-143: Duplicate cell name in nd.Cell(name='myMMI') renamed to 'myMMI_1716'.
WARNING: netlist.py: ND-144: Duplicate cell name in nd.Cell(name='myMMI') renamed to 'myMMI_1733'.
WARNING: netlist.py: ND-145: Duplicate cell name in nd.Cell(name='myMMI') renamed to 'myMMI_1750'.
WARNING: netlist.py: ND-146: Duplicate cell name in nd.Cell(name='myMMI') renamed to 'myMMI_1763'.
WARNING: netlist.py: ND-147: Duplicate cell name in nd.Cell(name='myMMI') renamed to 'myMMI_1776'.
WARNING: netlist.py: ND-148: Duplicate cell name in nd.Cell(name='myMMI') renamed to 'myMMI_1789'.
WARNING: netlist.py: ND-149: Duplicate cell name in nd.Cell(name='myMMI') renamed to 'myMMI_1802'.
WARNING: netlist.py: ND-150: Duplicate cell name in nd.Cell(name='myMMI') renamed to 'myMMI_1815'.
WARNING: netlist.py: ND-151: Duplicate cell name in nd.Cell(name='myMMI') renamed to 'myMMI_1828'.
WARNING: netlist.py: ND-152: Duplicate cell name in nd.Cell(name='myMMI') renamed to 'myMMI_1841'.
WARNING: netlist.py: ND-153: Duplicate cell name in nd.Cell(name='myMMI') renamed to 'myMMI_1854'.
WARNING: netlist.py: ND-154: Duplicate cell name in nd.Cell(name='myMMI') renamed to 'myMMI_1867'.
WARNING: netlist.py: ND-155: Duplicate cell name in nd.Cell(name='myMMI') renamed to 'myMMI_1880'.
WARNING: netlist.py: ND-156: Duplicate cell name in nd.Cell(name='myMMI') renamed to 'myMMI_1893'.
WARNING: netlist.py: ND-157: Duplicate cell name in nd.Cell(name='curve') renamed to 'curve_1906'.
WARNING: netlist.py: ND-158: Duplicate cell name in nd.Cell(name='curve_ctclk') renamed to 'curve_ctclk_1913'.
WARNING: netlist.py: ND-159: Duplicate cell name in nd.Cell(name='trombone') renamed to 'trombone_1920'.
WARNING: netlist.py: ND-160: Duplicate cell name in nd.Cell(name='trombone') renamed to 'trombone_1931'.
WARNING: netlist.py: ND-161: Duplicate cell name in nd.Cell(name='trombone') renamed to 'trombone_1942'.
WARNING: netlist.py: ND-162: Duplicate cell name in nd.Cell(name='trombone') renamed to 'trombone_1953'.
WARNING: netlist.py: ND-163: Duplicate cell name in nd.Cell(name='trombone') renamed to 'trombone_1964'.
WARNING: netlist.py: ND-164: Duplicate cell name in nd.Cell(name='trombone') renamed to 'trombone_1975'.
WARNING: netlist.py: ND-165: Duplicate cell name in nd.Cell(name='curve') renamed to 'curve_1997'.
WARNING: netlist.py: ND-166: Duplicate cell name in nd.Cell(name='curve_ctclk') renamed to 'curve_ctclk_2004'.
WARNING: netlist.py: ND-167: Duplicate cell name in nd.Cell(name='trombone') renamed to 'trombone_2011'.
WARNING: netlist.py: ND-168: Duplicate cell name in nd.Cell(name='trombone') renamed to 'trombone_2022'.
WARNING: netlist.py: ND-169: Duplicate cell name in nd.Cell(name='trombone') renamed to 'trombone_2033'.
WARNING: netlist.py: ND-170: Duplicate cell name in nd.Cell(name='trombone') renamed to 'trombone_2044'.
WARNING: netlist.py: ND-171: Duplicate cell name in nd.Cell(name='trombone') renamed to 'trombone_2055'.
WARNING: netlist.py: ND-172: Duplicate cell name in nd.Cell(name='trombone') renamed to 'trombone_2066'.
WARNING: netlist.py: ND-173: Duplicate cell name in nd.Cell(name='curve') renamed to 'curve_2088'.
WARNING: netlist.py: ND-174: Duplicate cell name in nd.Cell(name='curve_ctclk') renamed to 'curve_ctclk_2095'.
WARNING: netlist.py: ND-175: Duplicate cell name in nd.Cell(name='trombone') renamed to 'trombone_2102'.
WARNING: netlist.py: ND-176: Duplicate cell name in nd.Cell(name='trombone') renamed to 'trombone_2113'.
WARNING: netlist.py: ND-177: Duplicate cell name in nd.Cell(name='trombone') renamed to 'trombone_2124'.
WARNING: netlist.py: ND-178: Duplicate cell name in nd.Cell(name='trombone') renamed to 'trombone_2135'.
WARNING: netlist.py: ND-179: Duplicate cell name in nd.Cell(name='trombone') renamed to 'trombone_2146'.
WARNING: netlist.py: ND-180: Duplicate cell name in nd.Cell(name='trombone') renamed to 'trombone_2157'.
WARNING: netlist.py: ND-181: Duplicate cell name in nd.Cell(name='curve') renamed to 'curve_2179'.
WARNING: netlist.py: ND-182: Duplicate cell name in nd.Cell(name='curve_ctclk') renamed to 'curve_ctclk_2186'.
WARNING: netlist.py: ND-183: Duplicate cell name in nd.Cell(name='trombone') renamed to 'trombone_2193'.
WARNING: netlist.py: ND-184: Duplicate cell name in nd.Cell(name='trombone') renamed to 'trombone_2204'.
WARNING: netlist.py: ND-185: Duplicate cell name in nd.Cell(name='trombone') renamed to 'trombone_2215'.
WARNING: netlist.py: ND-186: Duplicate cell name in nd.Cell(name='trombone') renamed to 'trombone_2226'.
WARNING: netlist.py: ND-187: Duplicate cell name in nd.Cell(name='trombone') renamed to 'trombone_2237'.
WARNING: netlist.py: ND-188: Duplicate cell name in nd.Cell(name='trombone') renamed to 'trombone_2248'.
WARNING: netlist.py: ND-189: Duplicate cell name in nd.Cell(name='curve') renamed to 'curve_2270'.
WARNING: netlist.py: ND-190: Duplicate cell name in nd.Cell(name='curve_ctclk') renamed to 'curve_ctclk_2277'.
WARNING: netlist.py: ND-191: Duplicate cell name in nd.Cell(name='trombone') renamed to 'trombone_2284'.
WARNING: netlist.py: ND-192: Duplicate cell name in nd.Cell(name='trombone') renamed to 'trombone_2295'.
WARNING: netlist.py: ND-193: Duplicate cell name in nd.Cell(name='trombone') renamed to 'trombone_2306'.
WARNING: netlist.py: ND-194: Duplicate cell name in nd.Cell(name='trombone') renamed to 'trombone_2317'.
WARNING: netlist.py: ND-195: Duplicate cell name in nd.Cell(name='trombone') renamed to 'trombone_2328'.
WARNING: netlist.py: ND-196: Duplicate cell name in nd.Cell(name='trombone') renamed to 'trombone_2339'.
WARNING: netlist.py: ND-197: Duplicate cell name in nd.Cell(name='curve') renamed to 'curve_2361'.
WARNING: netlist.py: ND-198: Duplicate cell name in nd.Cell(name='curve_ctclk') renamed to 'curve_ctclk_2368'.
WARNING: netlist.py: ND-199: Duplicate cell name in nd.Cell(name='trombone') renamed to 'trombone_2375'.
WARNING: netlist.py: ND-200: Duplicate cell name in nd.Cell(name='trombone') renamed to 'trombone_2386'.
WARNING: netlist.py: ND-201: Duplicate cell name in nd.Cell(name='trombone') renamed to 'trombone_2397'.
WARNING: netlist.py: ND-202: Duplicate cell name in nd.Cell(name='trombone') renamed to 'trombone_2408'.
WARNING: netlist.py: ND-203: Duplicate cell name in nd.Cell(name='trombone') renamed to 'trombone_2419'.
WARNING: netlist.py: ND-204: Duplicate cell name in nd.Cell(name='trombone') renamed to 'trombone_2430'.
WARNING: netlist.py: ND-205: Duplicate cell name in nd.Cell(name='curve') renamed to 'curve_2452'.
WARNING: netlist.py: ND-206: Duplicate cell name in nd.Cell(name='curve_ctclk') renamed to 'curve_ctclk_2459'.
WARNING: netlist.py: ND-207: Duplicate cell name in nd.Cell(name='trombone') renamed to 'trombone_2466'.
WARNING: netlist.py: ND-208: Duplicate cell name in nd.Cell(name='trombone') renamed to 'trombone_2477'.
WARNING: netlist.py: ND-209: Duplicate cell name in nd.Cell(name='trombone') renamed to 'trombone_2488'.
WARNING: netlist.py: ND-210: Duplicate cell name in nd.Cell(name='trombone') renamed to 'trombone_2499'.
WARNING: netlist.py: ND-211: Duplicate cell name in nd.Cell(name='trombone') renamed to 'trombone_2510'.
WARNING: netlist.py: ND-212: Duplicate cell name in nd.Cell(name='trombone') renamed to 'trombone_2521'.
WARNING: netlist.py: ND-213: Duplicate cell name in nd.Cell(name='curve') renamed to 'curve_2543'.
WARNING: netlist.py: ND-214: Duplicate cell name in nd.Cell(name='curve_ctclk') renamed to 'curve_ctclk_2550'.
WARNING: netlist.py: ND-215: Duplicate cell name in nd.Cell(name='trombone') renamed to 'trombone_2557'.
WARNING: netlist.py: ND-216: Duplicate cell name in nd.Cell(name='trombone') renamed to 'trombone_2568'.
WARNING: netlist.py: ND-217: Duplicate cell name in nd.Cell(name='trombone') renamed to 'trombone_2579'.
WARNING: netlist.py: ND-218: Duplicate cell name in nd.Cell(name='trombone') renamed to 'trombone_2590'.
WARNING: netlist.py: ND-219: Duplicate cell name in nd.Cell(name='trombone') renamed to 'trombone_2601'.
WARNING: netlist.py: ND-220: Duplicate cell name in nd.Cell(name='trombone') renamed to 'trombone_2612'.
WARNING: netlist.py: ND-221: Duplicate cell name in nd.Cell(name='curve') renamed to 'curve_2632'.
WARNING: netlist.py: ND-222: Duplicate cell name in nd.Cell(name='curve_ctclk') renamed to 'curve_ctclk_2639'.
WARNING: netlist.py: ND-223: Duplicate cell name in nd.Cell(name='trombone') renamed to 'trombone_2646'.
WARNING: netlist.py: ND-224: Duplicate cell name in nd.Cell(name='trombone') renamed to 'trombone_2657'.
WARNING: netlist.py: ND-225: Duplicate cell name in nd.Cell(name='trombone') renamed to 'trombone_2668'.
WARNING: netlist.py: ND-226: Duplicate cell name in nd.Cell(name='trombone') renamed to 'trombone_2679'.
WARNING: netlist.py: ND-227: Duplicate cell name in nd.Cell(name='trombone') renamed to 'trombone_2690'.
WARNING: netlist.py: ND-228: Duplicate cell name in nd.Cell(name='trombone') renamed to 'trombone_2701'.
WARNING: netlist.py: ND-229: Duplicate cell name in nd.Cell(name='curve') renamed to 'curve_2721'.
WARNING: netlist.py: ND-230: Duplicate cell name in nd.Cell(name='curve_ctclk') renamed to 'curve_ctclk_2728'.
WARNING: netlist.py: ND-231: Duplicate cell name in nd.Cell(name='trombone') renamed to 'trombone_2735'.
WARNING: netlist.py: ND-232: Duplicate cell name in nd.Cell(name='trombone') renamed to 'trombone_2746'.
WARNING: netlist.py: ND-233: Duplicate cell name in nd.Cell(name='trombone') renamed to 'trombone_2757'.
WARNING: netlist.py: ND-234: Duplicate cell name in nd.Cell(name='trombone') renamed to 'trombone_2768'.
WARNING: netlist.py: ND-235: Duplicate cell name in nd.Cell(name='trombone') renamed to 'trombone_2779'.
WARNING: netlist.py: ND-236: Duplicate cell name in nd.Cell(name='trombone') renamed to 'trombone_2790'.
WARNING: netlist.py: ND-237: Duplicate cell name in nd.Cell(name='curve') renamed to 'curve_2810'.
WARNING: netlist.py: ND-238: Duplicate cell name in nd.Cell(name='curve_ctclk') renamed to 'curve_ctclk_2817'.
WARNING: netlist.py: ND-239: Duplicate cell name in nd.Cell(name='trombone') renamed to 'trombone_2824'.
WARNING: netlist.py: ND-240: Duplicate cell name in nd.Cell(name='trombone') renamed to 'trombone_2835'.
WARNING: netlist.py: ND-241: Duplicate cell name in nd.Cell(name='trombone') renamed to 'trombone_2846'.
WARNING: netlist.py: ND-242: Duplicate cell name in nd.Cell(name='trombone') renamed to 'trombone_2857'.
WARNING: netlist.py: ND-243: Duplicate cell name in nd.Cell(name='trombone') renamed to 'trombone_2868'.
WARNING: netlist.py: ND-244: Duplicate cell name in nd.Cell(name='trombone') renamed to 'trombone_2879'.
WARNING: netlist.py: ND-245: Duplicate cell name in nd.Cell(name='curve') renamed to 'curve_2901'.
WARNING: netlist.py: ND-246: Duplicate cell name in nd.Cell(name='curve_ctclk') renamed to 'curve_ctclk_2908'.
WARNING: netlist.py: ND-247: Duplicate cell name in nd.Cell(name='trombone') renamed to 'trombone_2915'.
WARNING: netlist.py: ND-248: Duplicate cell name in nd.Cell(name='trombone') renamed to 'trombone_2926'.
WARNING: netlist.py: ND-249: Duplicate cell name in nd.Cell(name='trombone') renamed to 'trombone_2937'.
WARNING: netlist.py: ND-250: Duplicate cell name in nd.Cell(name='trombone') renamed to 'trombone_2948'.
WARNING: netlist.py: ND-251: Duplicate cell name in nd.Cell(name='trombone') renamed to 'trombone_2959'.
WARNING: netlist.py: ND-252: Duplicate cell name in nd.Cell(name='trombone') renamed to 'trombone_2970'.
WARNING: netlist.py: ND-253: Duplicate cell name in nd.Cell(name='curve') renamed to 'curve_2992'.
WARNING: netlist.py: ND-254: Duplicate cell name in nd.Cell(name='curve_ctclk') renamed to 'curve_ctclk_2999'.
WARNING: netlist.py: ND-255: Duplicate cell name in nd.Cell(name='trombone') renamed to 'trombone_3006'.
WARNING: netlist.py: ND-256: Duplicate cell name in nd.Cell(name='trombone') renamed to 'trombone_3017'.
WARNING: netlist.py: ND-257: Duplicate cell name in nd.Cell(name='trombone') renamed to 'trombone_3028'.
WARNING: netlist.py: ND-258: Duplicate cell name in nd.Cell(name='trombone') renamed to 'trombone_3039'.
WARNING: netlist.py: ND-259: Duplicate cell name in nd.Cell(name='trombone') renamed to 'trombone_3050'.
WARNING: netlist.py: ND-260: Duplicate cell name in nd.Cell(name='trombone') renamed to 'trombone_3061'.
WARNING: netlist.py: ND-261: Duplicate cell name in nd.Cell(name='curve') renamed to 'curve_3083'.
WARNING: netlist.py: ND-262: Duplicate cell name in nd.Cell(name='curve_ctclk') renamed to 'curve_ctclk_3090'.
WARNING: netlist.py: ND-263: Duplicate cell name in nd.Cell(name='trombone') renamed to 'trombone_3097'.
WARNING: netlist.py: ND-264: Duplicate cell name in nd.Cell(name='trombone') renamed to 'trombone_3108'.
WARNING: netlist.py: ND-265: Duplicate cell name in nd.Cell(name='trombone') renamed to 'trombone_3119'.
WARNING: netlist.py: ND-266: Duplicate cell name in nd.Cell(name='trombone') renamed to 'trombone_3130'.
WARNING: netlist.py: ND-267: Duplicate cell name in nd.Cell(name='trombone') renamed to 'trombone_3141'.
WARNING: netlist.py: ND-268: Duplicate cell name in nd.Cell(name='trombone') renamed to 'trombone_3152'.
WARNING: netlist.py: ND-269: Duplicate cell name in nd.Cell(name='curve') renamed to 'curve_3174'.
WARNING: netlist.py: ND-270: Duplicate cell name in nd.Cell(name='curve_ctclk') renamed to 'curve_ctclk_3181'.
WARNING: netlist.py: ND-271: Duplicate cell name in nd.Cell(name='trombone') renamed to 'trombone_3188'.
WARNING: netlist.py: ND-272: Duplicate cell name in nd.Cell(name='trombone') renamed to 'trombone_3199'.
WARNING: netlist.py: ND-273: Duplicate cell name in nd.Cell(name='trombone') renamed to 'trombone_3210'.
WARNING: netlist.py: ND-274: Duplicate cell name in nd.Cell(name='trombone') renamed to 'trombone_3221'.
WARNING: netlist.py: ND-275: Duplicate cell name in nd.Cell(name='trombone') renamed to 'trombone_3232'.
WARNING: netlist.py: ND-276: Duplicate cell name in nd.Cell(name='trombone') renamed to 'trombone_3243'.
WARNING: netlist.py: ND-277: Duplicate cell name in nd.Cell(name='curve') renamed to 'curve_3265'.
WARNING: netlist.py: ND-278: Duplicate cell name in nd.Cell(name='curve_ctclk') renamed to 'curve_ctclk_3272'.
WARNING: netlist.py: ND-279: Duplicate cell name in nd.Cell(name='trombone') renamed to 'trombone_3279'.
WARNING: netlist.py: ND-280: Duplicate cell name in nd.Cell(name='trombone') renamed to 'trombone_3290'.
WARNING: netlist.py: ND-281: Duplicate cell name in nd.Cell(name='trombone') renamed to 'trombone_3301'.
WARNING: netlist.py: ND-282: Duplicate cell name in nd.Cell(name='trombone') renamed to 'trombone_3312'.
WARNING: netlist.py: ND-283: Duplicate cell name in nd.Cell(name='trombone') renamed to 'trombone_3323'.
WARNING: netlist.py: ND-284: Duplicate cell name in nd.Cell(name='trombone') renamed to 'trombone_3334'.
